16:47:07 **** Incremental Build of configuration Debug for project playc ****
make all 
Cannot run program "make": Unknown reason

16:47:07 Build Finished. 0 errors, 0 warnings. (took 5ms)

16:47:07 **** Incremental Build of configuration Release for project playc ****
make all 
Cannot run program "make": Unknown reason
16:51:16 **** Incremental Build of configuration Debug for project playc ****
make all 
Cannot run program "make": Unknown reason
16:51:25 **** Incremental Build of configuration Debug for project playc ****
make all 
Cannot run program "make": Unknown reason
16:57:24 **** Incremental Build of configuration Debug for project playc ****
make all 
Building file: ../src/playc.cpp
Invoking: Cross G++ Compiler
g++ -O0 -g3 -Wall -c -fmessage-length=0 -MMD -MP -MF"src/playc.d" -MT"src/playc.o" -o "src/playc.o" "../src/playc.cpp"
Finished building: ../src/playc.cpp
 
Building target: playc
Invoking: Cross G++ Linker
g++  -o "playc"  ./src/playc.o   
Finished building target: playc
 
